Atmosphère Crash Report (v1.7):
Result:                          0x4A8 (2168-0002)

Process Info:
    Process Name:                ovlloader
    Program ID:                  420000000007e51a
    Process ID:                  0000000000000082
    Process Flags:               00000133
    User Exception Address:      000000003854a000
Exception Info:
    Type:                        Data Abort
    Address:                     ffffffffc4015e55
    Fault Address:               0000000000000000
Crashed Thread Info:
    Thread ID:                   0000000000000258
    Stack Region:                00000000220d2000-00000000220d4000
    Registers:
        X[00]:                   ffffffffc4015e55
        X[01]:                   000000003854a508
        X[02]:                   0000000d86124980 (ovlSysmodules + 0x27980)
        X[03]:                   0000000000000000
        X[04]:                   0000000000000000
        X[05]:                   0000000000000000
        X[06]:                   0000000000000000
        X[07]:                   0000000000000000
        X[08]:                   0000000000000000
        X[09]:                   0000000000000000
        X[10]:                   0000000000000000
        X[11]:                   0000000000000000
        X[12]:                   0000000000000000
        X[13]:                   0000000000000000
        X[14]:                   0000000000000000
        X[15]:                   0000000000000000
        X[16]:                   0000000000000000
        X[17]:                   0000000000000000
        X[18]:                   52bd9a4b58d79487
        X[19]:                   0000000000000000
        X[20]:                   ffffffffc4015e55
        X[21]:                   000000003e4bbce8
        X[22]:                   0000000d86158b30
        X[23]:                   0000000000000000
        X[24]:                   0000000000000000
        X[25]:                   0000000000000000
        X[26]:                   0000000000000000
        X[27]:                   0000000000000000
        X[28]:                   0000000000000000
        FP:                      00000000220d2f50
        LR:                      0000000d861171fc (ovlSysmodules + 0x1a1fc)
        SP:                      00000000220d2f50
        PC:                      0000000d86124994 (ovlSysmodules + 0x27994)
    Stack Trace:
        ReturnAddress[00]:       0000000d861171fc (ovlSysmodules + 0x1a1fc)
        ReturnAddress[01]:       0000000d861172d0 (ovlSysmodules + 0x1a2d0)
        ReturnAddress[02]:       0000000000000000
    Stack Dump:                               00 01 02 03 04 05 06 07 08 09 0a 0b 0c 0d 0e 0f
                                 0000220d2f50 70 2f 0d 22 00 00 00 00 fc 71 11 86 0d 00 00 00
                                 0000220d2f60 00 00 00 00 00 00 00 00 01 00 00 00 00 00 00 00
                                 0000220d2f70 a0 2f 0d 22 00 00 00 00 d0 72 11 86 0d 00 00 00
                                 0000220d2f80 d0 2f 0d 22 00 00 00 00 08 a5 54 38 00 00 00 00
                                 0000220d2f90 00 80 15 86 0d 00 00 00 00 00 00 00 00 00 00 00
                                 0000220d2fa0 00 00 00 00 00 00 00 00 00 00 00 00 00 00 00 00
                                 0000220d2fb0 00 00 00 00 00 00 00 00 00 00 00 00 00 00 00 00
                                 0000220d2fc0 00 00 00 00 00 00 00 00 80 12 40 f9 20 09 00 b4
                                 0000220d2fd0 e8 bc 4b 3e 00 00 00 00 20 52 11 86 0d 00 00 00
                                 0000220d2fe0 20 bd 4b 3e 00 00 00 00 00 30 0d 22 00 00 00 00
                                 0000220d2ff0 70 37 0d 22 00 00 00 00 e2 34 02 94 fa 03 00 aa
                                 0000220d3000 00 00 00 00 00 00 00 00 c8 55 15 86 0d 00 00 00
                                 0000220d3010 80 56 15 86 0d 00 00 00 38 57 15 86 0d 00 00 00
                                 0000220d3020 00 00 00 00 00 00 00 00 00 00 00 00 00 00 00 00
                                 0000220d3030 00 00 00 00 00 00 00 00 00 00 00 00 00 00 00 00
                                 0000220d3040 00 00 00 00 00 00 00 00 00 00 00 00 00 00 00 00
    TLS Address:                 000000003854a400
    TLS Dump:                                 00 01 02 03 04 05 06 07 08 09 0a 0b 0c 0d 0e 0f
                                 00003854a400 00 00 00 00 08 00 00 00 00 00 00 00 00 00 00 00
                                 00003854a410 53 46 43 4f 00 00 00 00 00 00 00 00 ea d4 0d 48
                                 00003854a420 00 00 00 00 00 00 00 00 0b 00 00 00 00 00 00 00
                                 00003854a430 00 00 00 00 00 00 00 00 00 00 00 00 00 00 00 00
                                 00003854a440 00 00 00 00 00 00 00 00 00 00 00 00 00 00 00 00
                                 00003854a450 91 00 00 00 00 00 00 00 00 00 00 00 00 00 00 00
                                 00003854a460 00 00 00 00 00 00 00 00 00 00 00 00 00 00 00 00
                                 00003854a470 00 00 00 00 00 00 00 00 00 00 00 00 00 00 00 00
                                 00003854a480 00 00 00 00 00 00 00 00 00 00 00 00 00 00 00 00
                                 00003854a490 00 00 00 00 00 00 00 00 00 00 00 00 00 00 00 00
                                 00003854a4a0 00 00 00 00 00 00 00 00 00 00 00 00 00 00 00 00
                                 00003854a4b0 00 00 00 00 00 00 00 00 00 00 00 00 00 00 00 00
                                 00003854a4c0 00 00 00 00 00 00 00 00 00 00 00 00 00 00 00 00
                                 00003854a4d0 00 00 00 00 00 00 00 00 00 00 00 00 00 00 00 00
                                 00003854a4e0 00 00 00 00 00 00 00 00 00 00 00 00 00 00 00 00
                                 00003854a4f0 00 00 00 00 00 00 00 00 00 00 00 00 00 00 00 00
Module Info:
    Number of Modules:           01
    Module 00:
        Address:                 0000000d860fd000-0000000d8613b000
        Name:                    ovlSysmodules
        Module Id:               23B194B2F90103EB71D00D0EFFDFADC91726AC3D000000000000000000000000
Thread Report:
Number of Threads:               02
Threads[00]:
    Thread ID:                   0000000000000153
    Stack Region:                000000003e48c000-000000003e4bc000
    Registers:
        X[00]:                   00000000006c03f4
        X[01]:                   0100000000001001
        X[02]:                   0000000d86158c78
        X[03]:                   0000000000000002
        X[04]:                   0000000049434653
        X[05]:                   0000000a00000004
        X[06]:                   0000000000000000
        X[07]:                   0000000000000000
        X[08]:                   0000000000000000
        X[09]:                   0000000000000000
        X[10]:                   0000000000000000
        X[11]:                   0000000000000000
        X[12]:                   0000000000000000
        X[13]:                   0000000000000000
        X[14]:                   0000000000000000
        X[15]:                   0000000000000000
        X[16]:                   0000000000000000
        X[17]:                   0000000000000000
        X[18]:                   0000000000000000
        X[19]:                   0000000000000000
        X[20]:                   0000000000000000
        X[21]:                   0000000000000000
        X[22]:                   0000000000000000
        X[23]:                   0000000000000000
        X[24]:                   0000000000000000
        X[25]:                   0000000000000000
        X[26]:                   0000000000000000
        X[27]:                   0000000000000000
        X[28]:                   0000000000000000
        FP:                      000000003e4bbbf0
        LR:                      0000000d8611753c (ovlSysmodules + 0x1a53c)
        SP:                      000000003e4bbbf0
        PC:                      0000000d8611e368 (ovlSysmodules + 0x21368)
    Stack Trace:
        ReturnAddress[00]:       0000000d8610e828 (ovlSysmodules + 0x11828)
        ReturnAddress[01]:       0000000d86114060 (ovlSysmodules + 0x17060)
        ReturnAddress[02]:       0000000d860fd480 (ovlSysmodules + 0x480)
        ReturnAddress[03]:       0000000000000000
    Stack Dump:                               00 01 02 03 04 05 06 07 08 09 0a 0b 0c 0d 0e 0f
                                 00003e4bbbf0 10 bc 4b 3e 00 00 00 00 28 e8 10 86 0d 00 00 00
                                 00003e4bbc00 01 10 00 00 00 00 00 01 20 10 00 00 00 00 00 01
                                 00003e4bbc10 50 bc 4b 3e 00 00 00 00 60 40 11 86 0d 00 00 00
                                 00003e4bbc20 00 80 15 86 0d 00 00 00 00 80 15 86 0d 00 00 00
                                 00003e4bbc30 a0 87 15 86 0d 00 00 00 a0 88 15 86 0d 00 00 00
                                 00003e4bbc40 00 00 00 00 00 00 00 00 85 00 00 00 00 00 00 00
                                 00003e4bbc50 70 bf 4b 3e 00 00 00 00 80 d4 0f 86 0d 00 00 00
                                 00003e4bbc60 40 a1 c0 1c 00 00 00 00 00 a0 c0 1c 00 00 00 00
                                 00003e4bbc70 30 ac c0 1c 00 00 00 00 00 e0 05 00 00 00 00 00
                                 00003e4bbc80 30 bd c0 1c 00 00 00 00 00 20 5a 00 00 00 00 00
                                 00003e4bbc90 40 a1 c0 1c 00 00 00 00 ff ff ff ff ff ff ff ff
                                 00003e4bbca0 34 09 c0 1c 00 00 00 00 18 d1 0f 86 0d 00 00 00
                                 00003e4bbcb0 00 00 00 00 00 00 00 00 00 00 00 00 00 00 00 00
                                 00003e4bbcc0 00 00 00 00 00 00 00 00 00 00 00 00 00 00 00 00
                                 00003e4bbcd0 00 00 00 00 00 00 00 00 e8 bc 4b 3e 00 00 00 00
                                 00003e4bbce0 00 00 00 00 00 00 00 00 ef 83 6d 00 01 00 00 00
    TLS Address:                 000000003854a200
    TLS Dump:                                 00 01 02 03 04 05 06 07 08 09 0a 0b 0c 0d 0e 0f
                                 00003854a200 00 00 00 00 08 00 00 00 00 00 00 00 00 00 00 00
                                 00003854a210 53 46 43 4f 00 00 00 00 0f 02 00 00 ee f0 91 93
                                 00003854a220 01 10 00 00 00 00 00 01 85 00 00 00 00 00 00 00
                                 00003854a230 53 46 43 49 00 00 00 00 03 00 00 00 00 00 00 00
                                 00003854a240 00 00 00 00 07 00 00 00 00 00 00 00 00 00 00 00
                                 00003854a250 10 00 00 00 00 00 4b 3e 00 00 00 00 00 00 00 00
                                 00003854a260 00 00 00 00 00 00 00 00 00 00 00 00 00 00 00 00
                                 00003854a270 16 00 00 00 00 00 00 00 00 00 00 00 00 00 00 00
                                 00003854a280 00 00 00 00 00 00 00 00 00 00 00 00 00 00 00 00
                                 00003854a290 00 00 00 00 00 00 00 00 00 00 00 00 00 00 00 00
                                 00003854a2a0 00 00 00 00 00 00 00 00 00 00 00 00 00 00 00 00
                                 00003854a2b0 00 00 00 00 00 00 00 00 00 00 00 00 00 00 00 00
                                 00003854a2c0 00 00 00 00 00 00 00 00 00 00 00 00 00 00 00 00
                                 00003854a2d0 00 00 00 00 00 00 00 00 00 00 00 00 00 00 00 00
                                 00003854a2e0 00 00 00 00 00 00 00 00 00 00 00 00 00 00 00 00
                                 00003854a2f0 00 00 00 00 00 00 00 00 00 00 00 00 00 00 00 00
Threads[01]:
    Thread ID:                   0000000000000258
    Stack Region:                00000000220d2000-00000000220d4000
    Registers:
        X[00]:                   ffffffffc4015e55
        X[01]:                   000000003854a508
        X[02]:                   0000000d86124980 (ovlSysmodules + 0x27980)
        X[03]:                   0000000000000000
        X[04]:                   0000000000000000
        X[05]:                   0000000000000000
        X[06]:                   0000000000000000
        X[07]:                   0000000000000000
        X[08]:                   0000000000000000
        X[09]:                   0000000000000000
        X[10]:                   0000000000000000
        X[11]:                   0000000000000000
        X[12]:                   0000000000000000
        X[13]:                   0000000000000000
        X[14]:                   0000000000000000
        X[15]:                   0000000000000000
        X[16]:                   0000000000000000
        X[17]:                   0000000000000000
        X[18]:                   52bd9a4b58d79487
        X[19]:                   0000000000000000
        X[20]:                   ffffffffc4015e55
        X[21]:                   000000003e4bbce8
        X[22]:                   0000000d86158b30
        X[23]:                   0000000000000000
        X[24]:                   0000000000000000
        X[25]:                   0000000000000000
        X[26]:                   0000000000000000
        X[27]:                   0000000000000000
        X[28]:                   0000000000000000
        FP:                      00000000220d2f50
        LR:                      0000000d861171fc (ovlSysmodules + 0x1a1fc)
        SP:                      00000000220d2f50
        PC:                      0000000d86124994 (ovlSysmodules + 0x27994)
    Stack Trace:
        ReturnAddress[00]:       0000000d861171fc (ovlSysmodules + 0x1a1fc)
        ReturnAddress[01]:       0000000d861172d0 (ovlSysmodules + 0x1a2d0)
        ReturnAddress[02]:       0000000000000000
    Stack Dump:                               00 01 02 03 04 05 06 07 08 09 0a 0b 0c 0d 0e 0f
                                 0000220d2f50 70 2f 0d 22 00 00 00 00 fc 71 11 86 0d 00 00 00
                                 0000220d2f60 00 00 00 00 00 00 00 00 01 00 00 00 00 00 00 00
                                 0000220d2f70 a0 2f 0d 22 00 00 00 00 d0 72 11 86 0d 00 00 00
                                 0000220d2f80 d0 2f 0d 22 00 00 00 00 08 a5 54 38 00 00 00 00
                                 0000220d2f90 00 80 15 86 0d 00 00 00 00 00 00 00 00 00 00 00
                                 0000220d2fa0 00 00 00 00 00 00 00 00 00 00 00 00 00 00 00 00
                                 0000220d2fb0 00 00 00 00 00 00 00 00 00 00 00 00 00 00 00 00
                                 0000220d2fc0 00 00 00 00 00 00 00 00 80 12 40 f9 20 09 00 b4
                                 0000220d2fd0 e8 bc 4b 3e 00 00 00 00 20 52 11 86 0d 00 00 00
                                 0000220d2fe0 20 bd 4b 3e 00 00 00 00 00 30 0d 22 00 00 00 00
                                 0000220d2ff0 70 37 0d 22 00 00 00 00 e2 34 02 94 fa 03 00 aa
                                 0000220d3000 00 00 00 00 00 00 00 00 c8 55 15 86 0d 00 00 00
                                 0000220d3010 80 56 15 86 0d 00 00 00 38 57 15 86 0d 00 00 00
                                 0000220d3020 00 00 00 00 00 00 00 00 00 00 00 00 00 00 00 00
                                 0000220d3030 00 00 00 00 00 00 00 00 00 00 00 00 00 00 00 00
                                 0000220d3040 00 00 00 00 00 00 00 00 00 00 00 00 00 00 00 00
    TLS Address:                 000000003854a400
    TLS Dump:                                 00 01 02 03 04 05 06 07 08 09 0a 0b 0c 0d 0e 0f
                                 00003854a400 00 00 00 00 08 00 00 00 00 00 00 00 00 00 00 00
                                 00003854a410 53 46 43 4f 00 00 00 00 00 00 00 00 ea d4 0d 48
                                 00003854a420 00 00 00 00 00 00 00 00 0b 00 00 00 00 00 00 00
                                 00003854a430 00 00 00 00 00 00 00 00 00 00 00 00 00 00 00 00
                                 00003854a440 00 00 00 00 00 00 00 00 00 00 00 00 00 00 00 00
                                 00003854a450 91 00 00 00 00 00 00 00 00 00 00 00 00 00 00 00
                                 00003854a460 00 00 00 00 00 00 00 00 00 00 00 00 00 00 00 00
                                 00003854a470 00 00 00 00 00 00 00 00 00 00 00 00 00 00 00 00
                                 00003854a480 00 00 00 00 00 00 00 00 00 00 00 00 00 00 00 00
                                 00003854a490 00 00 00 00 00 00 00 00 00 00 00 00 00 00 00 00
                                 00003854a4a0 00 00 00 00 00 00 00 00 00 00 00 00 00 00 00 00
                                 00003854a4b0 00 00 00 00 00 00 00 00 00 00 00 00 00 00 00 00
                                 00003854a4c0 00 00 00 00 00 00 00 00 00 00 00 00 00 00 00 00
                                 00003854a4d0 00 00 00 00 00 00 00 00 00 00 00 00 00 00 00 00
                                 00003854a4e0 00 00 00 00 00 00 00 00 00 00 00 00 00 00 00 00
                                 00003854a4f0 00 00 00 00 00 00 00 00 00 00 00 00 00 00 00 00
