Atmosphère Crash Report (v1.7):
Result:                          0x4A8 (2168-0002)

Process Info:
    Process Name:                ovlloader
    Program ID:                  420000000007e51a
    Process ID:                  0000000000000082
    Process Flags:               00000133
    User Exception Address:      0000000041aeb000
Exception Info:
    Type:                        Data Abort
    Address:                     ffffffffcf3aa94b
    Fault Address:               0000000000000000
Crashed Thread Info:
    Thread ID:                   000000000000024a
    Stack Region:                000000004c314000-000000004c316000
    Registers:
        X[00]:                   ffffffffcf3aa94b
        X[01]:                   0000000041aeb508
        X[02]:                   00000002d8486980 (ovlSysmodules + 0x27980)
        X[03]:                   0000000000000000
        X[04]:                   0000000000000000
        X[05]:                   0000000000000000
        X[06]:                   0000000000000000
        X[07]:                   0000000000000000
        X[08]:                   0000000000000000
        X[09]:                   0000000000000000
        X[10]:                   0000000000000000
        X[11]:                   0000000000000000
        X[12]:                   0000000000000000
        X[13]:                   0000000000000000
        X[14]:                   0000000000000000
        X[15]:                   0000000000000000
        X[16]:                   0000000000000000
        X[17]:                   0000000000000000
        X[18]:                   f521ad2906be0b6b
        X[19]:                   0000000000000000
        X[20]:                   ffffffffcf3aa94b
        X[21]:                   000000001d2adce8
        X[22]:                   00000002d84bab30
        X[23]:                   0000000000000000
        X[24]:                   0000000000000000
        X[25]:                   0000000000000000
        X[26]:                   0000000000000000
        X[27]:                   0000000000000000
        X[28]:                   0000000000000000
        FP:                      000000004c314f50
        LR:                      00000002d84791fc (ovlSysmodules + 0x1a1fc)
        SP:                      000000004c314f50
        PC:                      00000002d8486994 (ovlSysmodules + 0x27994)
    Stack Trace:
        ReturnAddress[00]:       00000002d84791fc (ovlSysmodules + 0x1a1fc)
        ReturnAddress[01]:       00000002d84792d0 (ovlSysmodules + 0x1a2d0)
        ReturnAddress[02]:       0000000000000000
    Stack Dump:                               00 01 02 03 04 05 06 07 08 09 0a 0b 0c 0d 0e 0f
                                 00004c314f50 70 4f 31 4c 00 00 00 00 fc 91 47 d8 02 00 00 00
                                 00004c314f60 00 00 00 00 00 00 00 00 01 00 00 00 00 00 00 00
                                 00004c314f70 a0 4f 31 4c 00 00 00 00 d0 92 47 d8 02 00 00 00
                                 00004c314f80 d0 4f 31 4c 00 00 00 00 08 b5 ae 41 00 00 00 00
                                 00004c314f90 00 a0 4b d8 02 00 00 00 00 00 00 00 00 00 00 00
                                 00004c314fa0 00 00 00 00 00 00 00 00 00 00 00 00 00 00 00 00
                                 00004c314fb0 00 00 00 00 00 00 00 00 00 00 00 00 00 00 00 00
                                 00004c314fc0 00 00 00 00 00 00 00 00 80 12 40 f9 20 09 00 b4
                                 00004c314fd0 e8 dc 2a 1d 00 00 00 00 20 72 47 d8 02 00 00 00
                                 00004c314fe0 20 dd 2a 1d 00 00 00 00 00 50 31 4c 00 00 00 00
                                 00004c314ff0 70 57 31 4c 00 00 00 00 e2 34 02 94 fa 03 00 aa
                                 00004c315000 00 00 00 00 00 00 00 00 c8 75 4b d8 02 00 00 00
                                 00004c315010 80 76 4b d8 02 00 00 00 38 77 4b d8 02 00 00 00
                                 00004c315020 00 00 00 00 00 00 00 00 00 00 00 00 00 00 00 00
                                 00004c315030 00 00 00 00 00 00 00 00 00 00 00 00 00 00 00 00
                                 00004c315040 00 00 00 00 00 00 00 00 00 00 00 00 00 00 00 00
    TLS Address:                 0000000041aeb400
    TLS Dump:                                 00 01 02 03 04 05 06 07 08 09 0a 0b 0c 0d 0e 0f
                                 000041aeb400 00 00 00 00 08 00 00 00 00 00 00 00 00 00 00 00
                                 000041aeb410 53 46 43 4f 00 00 00 00 00 00 00 00 ea d4 0d 48
                                 000041aeb420 00 00 00 00 00 00 00 00 0b 00 00 00 00 00 00 00
                                 000041aeb430 00 00 00 00 00 00 00 00 00 00 00 00 00 00 00 00
                                 000041aeb440 00 00 00 00 00 00 00 00 00 00 00 00 00 00 00 00
                                 000041aeb450 91 00 00 00 00 00 00 00 00 00 00 00 00 00 00 00
                                 000041aeb460 00 00 00 00 00 00 00 00 00 00 00 00 00 00 00 00
                                 000041aeb470 00 00 00 00 00 00 00 00 00 00 00 00 00 00 00 00
                                 000041aeb480 00 00 00 00 00 00 00 00 00 00 00 00 00 00 00 00
                                 000041aeb490 00 00 00 00 00 00 00 00 00 00 00 00 00 00 00 00
                                 000041aeb4a0 00 00 00 00 00 00 00 00 00 00 00 00 00 00 00 00
                                 000041aeb4b0 00 00 00 00 00 00 00 00 00 00 00 00 00 00 00 00
                                 000041aeb4c0 00 00 00 00 00 00 00 00 00 00 00 00 00 00 00 00
                                 000041aeb4d0 00 00 00 00 00 00 00 00 00 00 00 00 00 00 00 00
                                 000041aeb4e0 00 00 00 00 00 00 00 00 00 00 00 00 00 00 00 00
                                 000041aeb4f0 00 00 00 00 00 00 00 00 00 00 00 00 00 00 00 00
Module Info:
    Number of Modules:           01
    Module 00:
        Address:                 00000002d845f000-00000002d849d000
        Name:                    ovlSysmodules
        Module Id:               23B194B2F90103EB71D00D0EFFDFADC91726AC3D000000000000000000000000
Thread Report:
Number of Threads:               02
Threads[00]:
    Thread ID:                   0000000000000153
    Stack Region:                000000001d27e000-000000001d2ae000
    Registers:
        X[00]:                   000000001d2adc4c
        X[01]:                   000000001d2adc48
        X[02]:                   0000000000000001
        X[03]:                   ffffffffffffffff
        X[04]:                   00000000003b83f1
        X[05]:                   0000000000000000
        X[06]:                   0000000000000000
        X[07]:                   0000000000000000
        X[08]:                   0000000000000000
        X[09]:                   0000000000000000
        X[10]:                   0000000000000000
        X[11]:                   0000000000000000
        X[12]:                   0000000000000000
        X[13]:                   0000000000000000
        X[14]:                   0000000000000000
        X[15]:                   0000000000000000
        X[16]:                   0000000000000000
        X[17]:                   0000000000000000
        X[18]:                   0000000000000000
        X[19]:                   0000000000000000
        X[20]:                   0000000000000000
        X[21]:                   0000000000000000
        X[22]:                   0000000000000000
        X[23]:                   0000000000000000
        X[24]:                   0000000000000000
        X[25]:                   0000000000000000
        X[26]:                   0000000000000000
        X[27]:                   0000000000000000
        X[28]:                   0000000000000000
        FP:                      000000001d2adbe0
        LR:                      00000002d8478b14 (ovlSysmodules + 0x19b14)
        SP:                      000000001d2adbd0
        PC:                      00000002d8480324 (ovlSysmodules + 0x21324)
    Stack Trace:
        ReturnAddress[00]:       00000002d8479304 (ovlSysmodules + 0x1a304)
        ReturnAddress[01]:       00000002d8476090 (ovlSysmodules + 0x17090)
        ReturnAddress[02]:       00000002d845f480 (ovlSysmodules + 0x480)
        ReturnAddress[03]:       0000000000000000
    Stack Dump:                               00 01 02 03 04 05 06 07 08 09 0a 0b 0c 0d 0e 0f
                                 00001d2adbd0 4c dc 2a 1d 00 00 00 00 00 00 00 00 00 00 00 00
                                 00001d2adbe0 30 dc 2a 1d 00 00 00 00 04 93 47 d8 02 00 00 00
                                 00001d2adbf0 00 a0 4b d8 02 00 00 00 00 a0 4b d8 02 00 00 00
                                 00001d2adc00 e8 dc 2a 1d 00 00 00 00 a0 a8 4b d8 02 00 00 00
                                 00001d2adc10 a0 a7 4b d8 02 00 00 00 00 a0 4b d8 02 00 00 00
                                 00001d2adc20 b8 68 4b d8 02 00 00 00 24 dd 2a 1d 00 00 00 00
                                 00001d2adc30 50 dc 2a 1d 00 00 00 00 90 60 47 d8 02 00 00 00
                                 00001d2adc40 00 a0 4b d8 02 00 00 00 f1 83 3b 00 00 00 00 00
                                 00001d2adc50 70 df 2a 1d 00 00 00 00 80 f4 45 d8 02 00 00 00
                                 00001d2adc60 40 a1 40 77 00 00 00 00 00 a0 40 77 00 00 00 00
                                 00001d2adc70 30 ac 40 77 00 00 00 00 00 e0 05 00 00 00 00 00
                                 00001d2adc80 30 bd 40 77 00 00 00 00 00 20 5a 00 00 00 00 00
                                 00001d2adc90 40 a1 40 77 00 00 00 00 ff ff ff ff ff ff ff ff
                                 00001d2adca0 34 09 40 77 00 00 00 00 18 f1 45 d8 02 00 00 00
                                 00001d2adcb0 00 00 00 00 00 00 00 00 00 00 00 00 00 00 00 00
                                 00001d2adcc0 00 00 00 00 00 00 00 00 00 00 00 00 00 00 00 00
    TLS Address:                 0000000041aeb200
    TLS Dump:                                 00 01 02 03 04 05 06 07 08 09 0a 0b 0c 0d 0e 0f
                                 000041aeb200 00 00 00 00 08 00 00 00 00 00 00 00 00 00 00 00
                                 000041aeb210 53 46 43 4f 00 00 00 00 00 00 00 00 36 10 1f fb
                                 000041aeb220 00 00 00 00 00 00 00 00 00 00 00 00 00 00 00 00
                                 000041aeb230 53 46 43 49 00 00 00 00 03 00 00 00 00 00 00 00
                                 000041aeb240 00 00 00 00 07 00 00 00 00 00 00 00 00 00 00 00
                                 000041aeb250 10 00 00 00 00 00 2a 1d 00 00 00 00 00 00 00 00
                                 000041aeb260 00 00 00 00 00 00 00 00 00 00 00 00 00 00 00 00
                                 000041aeb270 12 00 00 00 00 00 00 00 00 00 00 00 00 00 00 00
                                 000041aeb280 00 00 00 00 00 00 00 00 00 00 00 00 00 00 00 00
                                 000041aeb290 00 00 00 00 00 00 00 00 00 00 00 00 00 00 00 00
                                 000041aeb2a0 00 00 00 00 00 00 00 00 00 00 00 00 00 00 00 00
                                 000041aeb2b0 00 00 00 00 00 00 00 00 00 00 00 00 00 00 00 00
                                 000041aeb2c0 00 00 00 00 00 00 00 00 00 00 00 00 00 00 00 00
                                 000041aeb2d0 00 00 00 00 00 00 00 00 00 00 00 00 00 00 00 00
                                 000041aeb2e0 00 00 00 00 00 00 00 00 00 00 00 00 00 00 00 00
                                 000041aeb2f0 00 00 00 00 00 00 00 00 00 00 00 00 00 00 00 00
Threads[01]:
    Thread ID:                   000000000000024a
    Stack Region:                000000004c314000-000000004c316000
    Registers:
        X[00]:                   ffffffffcf3aa94b
        X[01]:                   0000000041aeb508
        X[02]:                   00000002d8486980 (ovlSysmodules + 0x27980)
        X[03]:                   0000000000000000
        X[04]:                   0000000000000000
        X[05]:                   0000000000000000
        X[06]:                   0000000000000000
        X[07]:                   0000000000000000
        X[08]:                   0000000000000000
        X[09]:                   0000000000000000
        X[10]:                   0000000000000000
        X[11]:                   0000000000000000
        X[12]:                   0000000000000000
        X[13]:                   0000000000000000
        X[14]:                   0000000000000000
        X[15]:                   0000000000000000
        X[16]:                   0000000000000000
        X[17]:                   0000000000000000
        X[18]:                   f521ad2906be0b6b
        X[19]:                   0000000000000000
        X[20]:                   ffffffffcf3aa94b
        X[21]:                   000000001d2adce8
        X[22]:                   00000002d84bab30
        X[23]:                   0000000000000000
        X[24]:                   0000000000000000
        X[25]:                   0000000000000000
        X[26]:                   0000000000000000
        X[27]:                   0000000000000000
        X[28]:                   0000000000000000
        FP:                      000000004c314f50
        LR:                      00000002d84791fc (ovlSysmodules + 0x1a1fc)
        SP:                      000000004c314f50
        PC:                      00000002d8486994 (ovlSysmodules + 0x27994)
    Stack Trace:
        ReturnAddress[00]:       00000002d84791fc (ovlSysmodules + 0x1a1fc)
        ReturnAddress[01]:       00000002d84792d0 (ovlSysmodules + 0x1a2d0)
        ReturnAddress[02]:       0000000000000000
    Stack Dump:                               00 01 02 03 04 05 06 07 08 09 0a 0b 0c 0d 0e 0f
                                 00004c314f50 70 4f 31 4c 00 00 00 00 fc 91 47 d8 02 00 00 00
                                 00004c314f60 00 00 00 00 00 00 00 00 01 00 00 00 00 00 00 00
                                 00004c314f70 a0 4f 31 4c 00 00 00 00 d0 92 47 d8 02 00 00 00
                                 00004c314f80 d0 4f 31 4c 00 00 00 00 08 b5 ae 41 00 00 00 00
                                 00004c314f90 00 a0 4b d8 02 00 00 00 00 00 00 00 00 00 00 00
                                 00004c314fa0 00 00 00 00 00 00 00 00 00 00 00 00 00 00 00 00
                                 00004c314fb0 00 00 00 00 00 00 00 00 00 00 00 00 00 00 00 00
                                 00004c314fc0 00 00 00 00 00 00 00 00 80 12 40 f9 20 09 00 b4
                                 00004c314fd0 e8 dc 2a 1d 00 00 00 00 20 72 47 d8 02 00 00 00
                                 00004c314fe0 20 dd 2a 1d 00 00 00 00 00 50 31 4c 00 00 00 00
                                 00004c314ff0 70 57 31 4c 00 00 00 00 e2 34 02 94 fa 03 00 aa
                                 00004c315000 00 00 00 00 00 00 00 00 c8 75 4b d8 02 00 00 00
                                 00004c315010 80 76 4b d8 02 00 00 00 38 77 4b d8 02 00 00 00
                                 00004c315020 00 00 00 00 00 00 00 00 00 00 00 00 00 00 00 00
                                 00004c315030 00 00 00 00 00 00 00 00 00 00 00 00 00 00 00 00
                                 00004c315040 00 00 00 00 00 00 00 00 00 00 00 00 00 00 00 00
    TLS Address:                 0000000041aeb400
    TLS Dump:                                 00 01 02 03 04 05 06 07 08 09 0a 0b 0c 0d 0e 0f
                                 000041aeb400 00 00 00 00 08 00 00 00 00 00 00 00 00 00 00 00
                                 000041aeb410 53 46 43 4f 00 00 00 00 00 00 00 00 ea d4 0d 48
                                 000041aeb420 00 00 00 00 00 00 00 00 0b 00 00 00 00 00 00 00
                                 000041aeb430 00 00 00 00 00 00 00 00 00 00 00 00 00 00 00 00
                                 000041aeb440 00 00 00 00 00 00 00 00 00 00 00 00 00 00 00 00
                                 000041aeb450 91 00 00 00 00 00 00 00 00 00 00 00 00 00 00 00
                                 000041aeb460 00 00 00 00 00 00 00 00 00 00 00 00 00 00 00 00
                                 000041aeb470 00 00 00 00 00 00 00 00 00 00 00 00 00 00 00 00
                                 000041aeb480 00 00 00 00 00 00 00 00 00 00 00 00 00 00 00 00
                                 000041aeb490 00 00 00 00 00 00 00 00 00 00 00 00 00 00 00 00
                                 000041aeb4a0 00 00 00 00 00 00 00 00 00 00 00 00 00 00 00 00
                                 000041aeb4b0 00 00 00 00 00 00 00 00 00 00 00 00 00 00 00 00
                                 000041aeb4c0 00 00 00 00 00 00 00 00 00 00 00 00 00 00 00 00
                                 000041aeb4d0 00 00 00 00 00 00 00 00 00 00 00 00 00 00 00 00
                                 000041aeb4e0 00 00 00 00 00 00 00 00 00 00 00 00 00 00 00 00
                                 000041aeb4f0 00 00 00 00 00 00 00 00 00 00 00 00 00 00 00 00
