Atmosphère Crash Report (v1.7):
Result:                          0x4A8 (2168-0002)

Process Info:
    Process Name:                ovlloader
    Program ID:                  420000000007e51a
    Process ID:                  0000000000000082
    Process Flags:               00000133
    User Exception Address:      00000000337ac000
Exception Info:
    Type:                        Data Abort
    Address:                     ffffffffd9bf050e
    Fault Address:               0000000000000000
Crashed Thread Info:
    Thread ID:                   0000000000000240
    Stack Region:                000000002a775000-000000002a777000
    Registers:
        X[00]:                   ffffffffd9bf050e
        X[01]:                   00000000337ac508
        X[02]:                   0000000a3af64980 (ovlSysmodules + 0x27980)
        X[03]:                   0000000000000000
        X[04]:                   0000000000000000
        X[05]:                   0000000000000000
        X[06]:                   0000000000000000
        X[07]:                   0000000000000000
        X[08]:                   0000000000000000
        X[09]:                   0000000000000000
        X[10]:                   0000000000000000
        X[11]:                   0000000000000000
        X[12]:                   0000000000000000
        X[13]:                   0000000000000000
        X[14]:                   0000000000000000
        X[15]:                   0000000000000000
        X[16]:                   0000000000000000
        X[17]:                   0000000000000000
        X[18]:                   a401ecfd49caa1b3
        X[19]:                   0000000000000000
        X[20]:                   ffffffffd9bf050e
        X[21]:                   0000000026af5ce8
        X[22]:                   0000000a3af98b30
        X[23]:                   0000000000000000
        X[24]:                   0000000000000000
        X[25]:                   0000000000000000
        X[26]:                   0000000000000000
        X[27]:                   0000000000000000
        X[28]:                   0000000000000000
        FP:                      000000002a775f50
        LR:                      0000000a3af571fc (ovlSysmodules + 0x1a1fc)
        SP:                      000000002a775f50
        PC:                      0000000a3af64994 (ovlSysmodules + 0x27994)
    Stack Trace:
        ReturnAddress[00]:       0000000a3af571fc (ovlSysmodules + 0x1a1fc)
        ReturnAddress[01]:       0000000a3af572d0 (ovlSysmodules + 0x1a2d0)
        ReturnAddress[02]:       0000000000000000
    Stack Dump:                               00 01 02 03 04 05 06 07 08 09 0a 0b 0c 0d 0e 0f
                                 00002a775f50 70 5f 77 2a 00 00 00 00 fc 71 f5 3a 0a 00 00 00
                                 00002a775f60 00 00 00 00 00 00 00 00 01 00 00 00 00 00 00 00
                                 00002a775f70 a0 5f 77 2a 00 00 00 00 d0 72 f5 3a 0a 00 00 00
                                 00002a775f80 d0 5f 77 2a 00 00 00 00 08 c5 7a 33 00 00 00 00
                                 00002a775f90 00 80 f9 3a 0a 00 00 00 00 00 00 00 00 00 00 00
                                 00002a775fa0 00 00 00 00 00 00 00 00 00 00 00 00 00 00 00 00
                                 00002a775fb0 00 00 00 00 00 00 00 00 00 00 00 00 00 00 00 00
                                 00002a775fc0 00 00 00 00 00 00 00 00 80 12 40 f9 20 09 00 b4
                                 00002a775fd0 e8 5c af 26 00 00 00 00 20 52 f5 3a 0a 00 00 00
                                 00002a775fe0 20 5d af 26 00 00 00 00 00 60 77 2a 00 00 00 00
                                 00002a775ff0 70 67 77 2a 00 00 00 00 e2 34 02 94 fa 03 00 aa
                                 00002a776000 00 00 00 00 00 00 00 00 c8 55 f9 3a 0a 00 00 00
                                 00002a776010 80 56 f9 3a 0a 00 00 00 38 57 f9 3a 0a 00 00 00
                                 00002a776020 00 00 00 00 00 00 00 00 00 00 00 00 00 00 00 00
                                 00002a776030 00 00 00 00 00 00 00 00 00 00 00 00 00 00 00 00
                                 00002a776040 00 00 00 00 00 00 00 00 00 00 00 00 00 00 00 00
    TLS Address:                 00000000337ac400
    TLS Dump:                                 00 01 02 03 04 05 06 07 08 09 0a 0b 0c 0d 0e 0f
                                 0000337ac400 00 00 00 00 08 00 00 00 00 00 00 00 00 00 00 00
                                 0000337ac410 53 46 43 4f 00 00 00 00 00 00 00 00 ea d4 0d 48
                                 0000337ac420 00 00 00 00 00 00 00 00 0b 00 00 00 00 00 00 00
                                 0000337ac430 00 00 00 00 00 00 00 00 00 00 00 00 00 00 00 00
                                 0000337ac440 00 00 00 00 00 00 00 00 00 00 00 00 00 00 00 00
                                 0000337ac450 91 00 00 00 00 00 00 00 00 00 00 00 00 00 00 00
                                 0000337ac460 00 00 00 00 00 00 00 00 00 00 00 00 00 00 00 00
                                 0000337ac470 00 00 00 00 00 00 00 00 00 00 00 00 00 00 00 00
                                 0000337ac480 00 00 00 00 00 00 00 00 00 00 00 00 00 00 00 00
                                 0000337ac490 00 00 00 00 00 00 00 00 00 00 00 00 00 00 00 00
                                 0000337ac4a0 00 00 00 00 00 00 00 00 00 00 00 00 00 00 00 00
                                 0000337ac4b0 00 00 00 00 00 00 00 00 00 00 00 00 00 00 00 00
                                 0000337ac4c0 00 00 00 00 00 00 00 00 00 00 00 00 00 00 00 00
                                 0000337ac4d0 00 00 00 00 00 00 00 00 00 00 00 00 00 00 00 00
                                 0000337ac4e0 00 00 00 00 00 00 00 00 00 00 00 00 00 00 00 00
                                 0000337ac4f0 00 00 00 00 00 00 00 00 00 00 00 00 00 00 00 00
Module Info:
    Number of Modules:           01
    Module 00:
        Address:                 0000000a3af3d000-0000000a3af7b000
        Name:                    ovlSysmodules
        Module Id:               23B194B2F90103EB71D00D0EFFDFADC91726AC3D000000000000000000000000
Thread Report:
Number of Threads:               02
Threads[00]:
    Thread ID:                   0000000000000153
    Stack Region:                0000000026ac6000-0000000026af6000
    Registers:
        X[00]:                   0000000026af5adc
        X[01]:                   0000000026af59d0
        X[02]:                   0000000000000001
        X[03]:                   ffffffffffffffff
        X[04]:                   0000000000000001
        X[05]:                   00000000002c83e7
        X[06]:                   0000000026af5ae0
        X[07]:                   00000000ffffffff
        X[08]:                   0000000000000000
        X[09]:                   0000000000000000
        X[10]:                   0000000000000000
        X[11]:                   0000000000000000
        X[12]:                   0000000000000000
        X[13]:                   0000000000000000
        X[14]:                   0000000000000000
        X[15]:                   0000000000000000
        X[16]:                   0000000000000000
        X[17]:                   0000000000000000
        X[18]:                   0000000000000000
        X[19]:                   0000000000000000
        X[20]:                   0000000000000000
        X[21]:                   0000000000000000
        X[22]:                   0000000000000000
        X[23]:                   0000000000000000
        X[24]:                   0000000000000000
        X[25]:                   0000000000000000
        X[26]:                   0000000000000000
        X[27]:                   0000000000000000
        X[28]:                   0000000000000000
        FP:                      0000000026af59e0
        LR:                      0000000a3af567fc (ovlSysmodules + 0x197fc)
        SP:                      0000000026af5990
        PC:                      0000000a3af5e324 (ovlSysmodules + 0x21324)
    Stack Trace:
        ReturnAddress[00]:       0000000a3af56da0 (ovlSysmodules + 0x19da0)
        ReturnAddress[01]:       0000000a3af600e0 (ovlSysmodules + 0x230e0)
        ReturnAddress[02]:       0000000a3af60178 (ovlSysmodules + 0x23178)
        ReturnAddress[03]:       0000000a3af5d830 (ovlSysmodules + 0x20830)
        ReturnAddress[04]:       0000000a3af5d05c (ovlSysmodules + 0x2005c)
        ReturnAddress[05]:       0000000a3af5400c (ovlSysmodules + 0x1700c)
        ReturnAddress[06]:       0000000a3af3d480 (ovlSysmodules + 0x480)
        ReturnAddress[07]:       0000000000000000
    Stack Dump:                               00 01 02 03 04 05 06 07 08 09 0a 0b 0c 0d 0e 0f
                                 000026af5990 dc 5a af 26 00 00 00 00 00 00 00 00 00 00 00 00
                                 000026af59a0 00 00 00 00 00 00 00 00 00 00 00 00 00 00 00 00
                                 000026af59b0 00 00 00 00 00 00 00 00 00 00 00 00 00 00 00 00
                                 000026af59c0 00 00 00 00 00 00 00 00 00 00 00 00 00 00 00 00
                                 000026af59d0 e7 83 2c 00 00 00 00 00 00 00 00 00 00 00 00 00
                                 000026af59e0 c0 5a af 26 00 00 00 00 a0 6d f5 3a 0a 00 00 00
                                 000026af59f0 5c 0d 00 00 00 00 00 00 ff ff ff ff 00 00 00 00
                                 000026af5a00 00 90 f9 3a 0a 00 00 00 00 40 f9 3a 0a 00 00 00
                                 000026af5a10 00 00 00 00 00 00 00 00 a8 93 f9 3a 0a 00 00 00
                                 000026af5a20 5c 0d 00 00 00 00 00 00 5d 1d 00 00 00 00 00 00
                                 000026af5a30 f4 5b af 26 00 00 00 00 4c 88 f9 3a 0a 00 00 00
                                 000026af5a40 00 00 00 00 00 00 00 00 30 00 00 00 00 00 00 00
                                 000026af5a50 04 00 00 00 00 00 00 00 00 00 00 00 00 00 00 00
                                 000026af5a60 dc 5a af 26 00 00 00 00 ff ff ff ff ff ff ff ff
                                 000026af5a70 e0 5a af 26 00 00 00 00 a0 59 af 26 00 00 00 00
                                 000026af5a80 3f 00 00 00 00 00 00 00 13 00 00 00 00 00 00 00
    TLS Address:                 00000000337ac200
    TLS Dump:                                 00 01 02 03 04 05 06 07 08 09 0a 0b 0c 0d 0e 0f
                                 0000337ac200 00 00 01 00 09 08 e0 03 00 00 10 00 e0 5a af 26
                                 0000337ac210 53 46 43 4f 00 00 00 00 00 00 00 00 99 5d e2 a4
                                 0000337ac220 05 00 00 00 00 00 00 00 00 00 00 00 00 00 00 00
                                 0000337ac230 00 00 00 00 00 00 00 00 01 00 00 00 00 00 00 00
                                 0000337ac240 01 00 9f 01 1e 00 10 c0 00 00 00 00 00 00 00 00
                                 0000337ac250 10 00 00 00 e0 5a af 26 00 00 10 00 00 00 00 00
                                 0000337ac260 00 00 00 00 00 00 00 00 00 00 00 00 00 00 00 00
                                 0000337ac270 10 00 00 00 00 00 00 00 00 00 00 00 00 00 00 00
                                 0000337ac280 00 00 00 00 00 00 00 00 00 00 00 00 00 00 00 00
                                 0000337ac290 00 00 00 00 00 00 00 00 00 00 00 00 00 00 00 00
                                 0000337ac2a0 00 00 00 00 00 00 00 00 00 00 00 00 00 00 00 00
                                 0000337ac2b0 00 00 00 00 00 00 00 00 00 00 00 00 00 00 00 00
                                 0000337ac2c0 00 00 00 00 00 00 00 00 00 00 00 00 00 00 00 00
                                 0000337ac2d0 00 00 00 00 00 00 00 00 00 00 00 00 00 00 00 00
                                 0000337ac2e0 00 00 00 00 00 00 00 00 00 00 00 00 00 00 00 00
                                 0000337ac2f0 00 00 00 00 00 00 00 00 00 00 00 00 00 00 00 00
Threads[01]:
    Thread ID:                   0000000000000240
    Stack Region:                000000002a775000-000000002a777000
    Registers:
        X[00]:                   ffffffffd9bf050e
        X[01]:                   00000000337ac508
        X[02]:                   0000000a3af64980 (ovlSysmodules + 0x27980)
        X[03]:                   0000000000000000
        X[04]:                   0000000000000000
        X[05]:                   0000000000000000
        X[06]:                   0000000000000000
        X[07]:                   0000000000000000
        X[08]:                   0000000000000000
        X[09]:                   0000000000000000
        X[10]:                   0000000000000000
        X[11]:                   0000000000000000
        X[12]:                   0000000000000000
        X[13]:                   0000000000000000
        X[14]:                   0000000000000000
        X[15]:                   0000000000000000
        X[16]:                   0000000000000000
        X[17]:                   0000000000000000
        X[18]:                   a401ecfd49caa1b3
        X[19]:                   0000000000000000
        X[20]:                   ffffffffd9bf050e
        X[21]:                   0000000026af5ce8
        X[22]:                   0000000a3af98b30
        X[23]:                   0000000000000000
        X[24]:                   0000000000000000
        X[25]:                   0000000000000000
        X[26]:                   0000000000000000
        X[27]:                   0000000000000000
        X[28]:                   0000000000000000
        FP:                      000000002a775f50
        LR:                      0000000a3af571fc (ovlSysmodules + 0x1a1fc)
        SP:                      000000002a775f50
        PC:                      0000000a3af64994 (ovlSysmodules + 0x27994)
    Stack Trace:
        ReturnAddress[00]:       0000000a3af571fc (ovlSysmodules + 0x1a1fc)
        ReturnAddress[01]:       0000000a3af572d0 (ovlSysmodules + 0x1a2d0)
        ReturnAddress[02]:       0000000000000000
    Stack Dump:                               00 01 02 03 04 05 06 07 08 09 0a 0b 0c 0d 0e 0f
                                 00002a775f50 70 5f 77 2a 00 00 00 00 fc 71 f5 3a 0a 00 00 00
                                 00002a775f60 00 00 00 00 00 00 00 00 01 00 00 00 00 00 00 00
                                 00002a775f70 a0 5f 77 2a 00 00 00 00 d0 72 f5 3a 0a 00 00 00
                                 00002a775f80 d0 5f 77 2a 00 00 00 00 08 c5 7a 33 00 00 00 00
                                 00002a775f90 00 80 f9 3a 0a 00 00 00 00 00 00 00 00 00 00 00
                                 00002a775fa0 00 00 00 00 00 00 00 00 00 00 00 00 00 00 00 00
                                 00002a775fb0 00 00 00 00 00 00 00 00 00 00 00 00 00 00 00 00
                                 00002a775fc0 00 00 00 00 00 00 00 00 80 12 40 f9 20 09 00 b4
                                 00002a775fd0 e8 5c af 26 00 00 00 00 20 52 f5 3a 0a 00 00 00
                                 00002a775fe0 20 5d af 26 00 00 00 00 00 60 77 2a 00 00 00 00
                                 00002a775ff0 70 67 77 2a 00 00 00 00 e2 34 02 94 fa 03 00 aa
                                 00002a776000 00 00 00 00 00 00 00 00 c8 55 f9 3a 0a 00 00 00
                                 00002a776010 80 56 f9 3a 0a 00 00 00 38 57 f9 3a 0a 00 00 00
                                 00002a776020 00 00 00 00 00 00 00 00 00 00 00 00 00 00 00 00
                                 00002a776030 00 00 00 00 00 00 00 00 00 00 00 00 00 00 00 00
                                 00002a776040 00 00 00 00 00 00 00 00 00 00 00 00 00 00 00 00
    TLS Address:                 00000000337ac400
    TLS Dump:                                 00 01 02 03 04 05 06 07 08 09 0a 0b 0c 0d 0e 0f
                                 0000337ac400 00 00 00 00 08 00 00 00 00 00 00 00 00 00 00 00
                                 0000337ac410 53 46 43 4f 00 00 00 00 00 00 00 00 ea d4 0d 48
                                 0000337ac420 00 00 00 00 00 00 00 00 0b 00 00 00 00 00 00 00
                                 0000337ac430 00 00 00 00 00 00 00 00 00 00 00 00 00 00 00 00
                                 0000337ac440 00 00 00 00 00 00 00 00 00 00 00 00 00 00 00 00
                                 0000337ac450 91 00 00 00 00 00 00 00 00 00 00 00 00 00 00 00
                                 0000337ac460 00 00 00 00 00 00 00 00 00 00 00 00 00 00 00 00
                                 0000337ac470 00 00 00 00 00 00 00 00 00 00 00 00 00 00 00 00
                                 0000337ac480 00 00 00 00 00 00 00 00 00 00 00 00 00 00 00 00
                                 0000337ac490 00 00 00 00 00 00 00 00 00 00 00 00 00 00 00 00
                                 0000337ac4a0 00 00 00 00 00 00 00 00 00 00 00 00 00 00 00 00
                                 0000337ac4b0 00 00 00 00 00 00 00 00 00 00 00 00 00 00 00 00
                                 0000337ac4c0 00 00 00 00 00 00 00 00 00 00 00 00 00 00 00 00
                                 0000337ac4d0 00 00 00 00 00 00 00 00 00 00 00 00 00 00 00 00
                                 0000337ac4e0 00 00 00 00 00 00 00 00 00 00 00 00 00 00 00 00
                                 0000337ac4f0 00 00 00 00 00 00 00 00 00 00 00 00 00 00 00 00
